
************ INICIO ************

  0:     LD  6,0(0) 	* load maxaddress from location 0
  1:     ST  0,0(0) 	* clear location 0

***carrega 2
  2:    LDC  0,2,0 
  3:    ST  0,0(5) 	* carrega NUM em reg

***carrega 3
  4:    LDC  0,3,0 
  5:    ST  0,1(5)   * carrega NUM em reg

****ADD****
  6:    LD  0,1(5)   * carrega NUM em reg
  7:    LD  1,0(5)   * carrega NUM em reg

  8:    ADD  0,1,0  * write ac
  9:    ST  0,0(5)   * carrega NUM em reg
******

***carrega 5
  10:    LDC  0,5,0 
  11:    ST  0,1(5)   * carrega NUM em reg

****ADD****
  12:    LD  0,1(5)   * carrega NUM em reg
  13:    LD  1,0(5)   * carrega NUM em reg

  14:    ADD  0,1,0  * write ac
  15:    ST  0,0(5)   * carrega NUM em reg
*****

***carrega 5
  16:    LDC  0,5,0 
  17:    ST  0,1(5)   * carrega NUM em reg

  ****ADD****
  18:    LD  0,1(5)   * carrega NUM em reg
  19:    LD  1,0(5)   * carrega NUM em reg

  20:    ADD  0,1,0  * write ac
  21:    ST  0,0(5)   * carrega NUM em reg
*****

***iMPRIMIR
  22:    LD  0,0(5)   * carrega NUM em reg
  23:    OUT  0,0,0 	* write ac

************ FIM ************

 24:   HALT  0,0,0 	* 
